2023-12-01 03:28:29.852 [debug] <0.284.0> Lager installed handler error_logger_lager_h into error_logger
2023-12-01 03:28:29.856 [debug] <0.308.0> Lager installed handler lager_forwarder_backend into rabbit_log_mirroring_lager_event
2023-12-01 03:28:29.856 [debug] <0.287.0> Lager installed handler lager_forwarder_backend into error_logger_lager_event
2023-12-01 03:28:29.856 [debug] <0.293.0> Lager installed handler lager_forwarder_backend into rabbit_log_channel_lager_event
2023-12-01 03:28:29.856 [debug] <0.296.0> Lager installed handler lager_forwarder_backend into rabbit_log_connection_lager_event
2023-12-01 03:28:29.856 [debug] <0.311.0> Lager installed handler lager_forwarder_backend into rabbit_log_prelaunch_lager_event
2023-12-01 03:28:29.856 [debug] <0.299.0> Lager installed handler lager_forwarder_backend into rabbit_log_feature_flags_lager_event
2023-12-01 03:28:29.856 [debug] <0.290.0> Lager installed handler lager_forwarder_backend into rabbit_log_lager_event
2023-12-01 03:28:29.856 [debug] <0.302.0> Lager installed handler lager_forwarder_backend into rabbit_log_federation_lager_event
2023-12-01 03:28:29.856 [debug] <0.317.0> Lager installed handler lager_forwarder_backend into rabbit_log_ra_lager_event
2023-12-01 03:28:29.856 [debug] <0.305.0> Lager installed handler lager_forwarder_backend into rabbit_log_ldap_lager_event
2023-12-01 03:28:29.856 [debug] <0.323.0> Lager installed handler lager_forwarder_backend into rabbit_log_upgrade_lager_event
2023-12-01 03:28:29.856 [debug] <0.314.0> Lager installed handler lager_forwarder_backend into rabbit_log_queue_lager_event
2023-12-01 03:28:29.856 [debug] <0.320.0> Lager installed handler lager_forwarder_backend into rabbit_log_shovel_lager_event
2023-12-01 03:28:29.895 [info] <0.268.0> HiPE disabled: no modules were natively recompiled.
2023-12-01 03:28:30.353 [debug] <0.280.0> Lager installed handler lager_backend_throttle into lager_event
2023-12-01 03:28:33.094 [info] <0.268.0> 
 Starting RabbitMQ 3.8.5 on Erlang 23.0.3
 Copyright (c) 2007-2020 VMware, Inc. or its affiliates.
 Licensed under the MPL 1.1. Website: https://rabbitmq.com

  ##  ##      RabbitMQ 3.8.5
  ##  ##
  ##########  Copyright (c) 2007-2020 VMware, Inc. or its affiliates.
  ######  ##
  ##########  Licensed under the MPL 1.1. Website: https://rabbitmq.com

  Doc guides: https://rabbitmq.com/documentation.html
  Support:    https://rabbitmq.com/contact.html
  Tutorials:  https://rabbitmq.com/getstarted.html
  Monitoring: https://rabbitmq.com/monitoring.html

  Logs: <stdout>

  Config file(s): /etc/rabbitmq/rabbitmq.conf

  Starting broker...2023-12-01 03:28:33.095 [info] <0.268.0> 
 node           : rabbit@write-home-timeline-rabbitmq
 home dir       : /var/lib/rabbitmq
 config file(s) : /etc/rabbitmq/rabbitmq.conf
 cookie hash    : xauyiiTACgoYe0fSQtZD/A==
 log(s)         : <stdout>
 database dir   : /var/lib/rabbitmq/mnesia/rabbit@write-home-timeline-rabbitmq
2023-12-01 03:28:34.335 [info] <0.268.0> Running boot step pre_boot defined by app rabbit
2023-12-01 03:28:34.335 [info] <0.268.0> Running boot step rabbit_core_metrics defined by app rabbit
2023-12-01 03:28:34.335 [info] <0.268.0> Running boot step rabbit_alarm defined by app rabbit
2023-12-01 03:28:34.341 [info] <0.353.0> Memory high watermark set to 154252 MiB (161745942937 bytes) of 385632 MiB (404364857344 bytes) total
2023-12-01 03:28:34.348 [info] <0.355.0> Enabling free disk space monitoring
2023-12-01 03:28:34.348 [info] <0.355.0> Disk free limit set to 50MB
2023-12-01 03:28:34.354 [info] <0.268.0> Running boot step code_server_cache defined by app rabbit
2023-12-01 03:28:34.354 [info] <0.268.0> Running boot step file_handle_cache defined by app rabbit
2023-12-01 03:28:34.354 [info] <0.358.0> Limiting to approx 1048479 file handles (943629 sockets)
2023-12-01 03:28:34.355 [info] <0.359.0> FHC read buffering:  OFF
2023-12-01 03:28:34.355 [info] <0.359.0> FHC write buffering: ON
2023-12-01 03:28:34.355 [info] <0.268.0> Running boot step worker_pool defined by app rabbit
2023-12-01 03:28:34.355 [info] <0.346.0> Will use 4 processes for default worker pool
2023-12-01 03:28:34.355 [info] <0.346.0> Starting worker pool 'worker_pool' with 4 processes in it
2023-12-01 03:28:34.355 [info] <0.268.0> Running boot step database defined by app rabbit
2023-12-01 03:28:34.355 [info] <0.268.0> Node database directory at /var/lib/rabbitmq/mnesia/rabbit@write-home-timeline-rabbitmq is empty. Assuming we need to join an existing cluster or initialise from scratch...
2023-12-01 03:28:34.356 [info] <0.268.0> Configured peer discovery backend: rabbit_peer_discovery_classic_config
2023-12-01 03:28:34.356 [info] <0.268.0> Will try to lock with peer discovery backend rabbit_peer_discovery_classic_config
2023-12-01 03:28:34.356 [info] <0.268.0> Peer discovery backend does not support locking, falling back to randomized delay
2023-12-01 03:28:34.356 [info] <0.268.0> Peer discovery backend rabbit_peer_discovery_classic_config does not support registration, skipping randomized startup delay.
2023-12-01 03:28:34.356 [info] <0.268.0> All discovered existing cluster peers: 
2023-12-01 03:28:34.356 [info] <0.268.0> Discovered no peer nodes to cluster with. Some discovery backends can filter nodes out based on a readiness criteria. Enabling debug logging might help troubleshoot.
2023-12-01 03:28:34.360 [info] <0.44.0> Application mnesia exited with reason: stopped
2023-12-01 03:28:35.118 [info] <0.268.0> Waiting for Mnesia tables for 30000 ms, 9 retries left
2023-12-01 03:28:35.119 [info] <0.268.0> Successfully synced tables from a peer
2023-12-01 03:28:35.168 [info] <0.268.0> Waiting for Mnesia tables for 30000 ms, 9 retries left
2023-12-01 03:28:35.168 [info] <0.268.0> Successfully synced tables from a peer
2023-12-01 03:28:35.168 [info] <0.268.0> Feature flag `implicit_default_bindings`: supported, attempt to enable...
2023-12-01 03:28:35.168 [info] <0.268.0> Feature flag `implicit_default_bindings`: mark as enabled=state_changing
2023-12-01 03:28:35.182 [info] <0.268.0> Feature flags: list of feature flags found:
2023-12-01 03:28:35.182 [info] <0.268.0> Feature flags:   [~] implicit_default_bindings
2023-12-01 03:28:35.182 [info] <0.268.0> Feature flags:   [ ] quorum_queue
2023-12-01 03:28:35.182 [info] <0.268.0> Feature flags:   [ ] virtual_host_metadata
2023-12-01 03:28:35.182 [info] <0.268.0> Feature flags: feature flag states written to disk: yes
2023-12-01 03:28:35.192 [info] <0.268.0> Waiting for Mnesia tables for 30000 ms, 0 retries left
2023-12-01 03:28:35.192 [info] <0.268.0> Successfully synced tables from a peer
2023-12-01 03:28:35.192 [info] <0.268.0> Feature flag `implicit_default_bindings`: mark as enabled=true
2023-12-01 03:28:35.197 [info] <0.268.0> Feature flags: list of feature flags found:
2023-12-01 03:28:35.197 [info] <0.268.0> Feature flags:   [x] implicit_default_bindings
2023-12-01 03:28:35.197 [info] <0.268.0> Feature flags:   [ ] quorum_queue
2023-12-01 03:28:35.197 [info] <0.268.0> Feature flags:   [ ] virtual_host_metadata
2023-12-01 03:28:35.197 [info] <0.268.0> Feature flags: feature flag states written to disk: yes
2023-12-01 03:28:35.208 [info] <0.268.0> Feature flag `quorum_queue`: supported, attempt to enable...
2023-12-01 03:28:35.208 [info] <0.268.0> Feature flag `quorum_queue`: mark as enabled=state_changing
2023-12-01 03:28:35.213 [info] <0.268.0> Feature flags: list of feature flags found:
2023-12-01 03:28:35.213 [info] <0.268.0> Feature flags:   [x] implicit_default_bindings
2023-12-01 03:28:35.213 [info] <0.268.0> Feature flags:   [~] quorum_queue
2023-12-01 03:28:35.213 [info] <0.268.0> Feature flags:   [ ] virtual_host_metadata
2023-12-01 03:28:35.213 [info] <0.268.0> Feature flags: feature flag states written to disk: yes
2023-12-01 03:28:35.222 [info] <0.268.0> Waiting for Mnesia tables for 30000 ms, 9 retries left
2023-12-01 03:28:35.222 [info] <0.268.0> Successfully synced tables from a peer
2023-12-01 03:28:35.222 [info] <0.268.0> Feature flag `quorum_queue`:   migrating Mnesia table rabbit_queue...
2023-12-01 03:28:35.311 [info] <0.268.0> Feature flag `quorum_queue`:   migrating Mnesia table rabbit_durable_queue...
2023-12-01 03:28:35.428 [info] <0.268.0> Feature flag `quorum_queue`:   Mnesia tables migration done
2023-12-01 03:28:35.428 [info] <0.268.0> Feature flag `quorum_queue`: mark as enabled=true
2023-12-01 03:28:35.443 [info] <0.268.0> Feature flags: list of feature flags found:
2023-12-01 03:28:35.443 [info] <0.268.0> Feature flags:   [x] implicit_default_bindings
2023-12-01 03:28:35.443 [info] <0.268.0> Feature flags:   [x] quorum_queue
2023-12-01 03:28:35.443 [info] <0.268.0> Feature flags:   [ ] virtual_host_metadata
2023-12-01 03:28:35.443 [info] <0.268.0> Feature flags: feature flag states written to disk: yes
2023-12-01 03:28:35.452 [info] <0.268.0> Feature flag `virtual_host_metadata`: supported, attempt to enable...
2023-12-01 03:28:35.452 [info] <0.268.0> Feature flag `virtual_host_metadata`: mark as enabled=state_changing
2023-12-01 03:28:35.457 [info] <0.268.0> Feature flags: list of feature flags found:
2023-12-01 03:28:35.457 [info] <0.268.0> Feature flags:   [x] implicit_default_bindings
2023-12-01 03:28:35.457 [info] <0.268.0> Feature flags:   [x] quorum_queue
2023-12-01 03:28:35.457 [info] <0.268.0> Feature flags:   [~] virtual_host_metadata
2023-12-01 03:28:35.457 [info] <0.268.0> Feature flags: feature flag states written to disk: yes
2023-12-01 03:28:35.467 [info] <0.268.0> Waiting for Mnesia tables for 30000 ms, 9 retries left
2023-12-01 03:28:35.467 [info] <0.268.0> Successfully synced tables from a peer
2023-12-01 03:28:35.587 [info] <0.268.0> Feature flag `virtual_host_metadata`: mark as enabled=true
2023-12-01 03:28:35.600 [info] <0.268.0> Feature flags: list of feature flags found:
2023-12-01 03:28:35.600 [info] <0.268.0> Feature flags:   [x] implicit_default_bindings
2023-12-01 03:28:35.600 [info] <0.268.0> Feature flags:   [x] quorum_queue
2023-12-01 03:28:35.600 [info] <0.268.0> Feature flags:   [x] virtual_host_metadata
2023-12-01 03:28:35.600 [info] <0.268.0> Feature flags: feature flag states written to disk: yes
2023-12-01 03:28:35.609 [info] <0.268.0> Waiting for Mnesia tables for 30000 ms, 9 retries left
2023-12-01 03:28:35.609 [info] <0.268.0> Successfully synced tables from a peer
2023-12-01 03:28:35.690 [info] <0.268.0> Waiting for Mnesia tables for 30000 ms, 9 retries left
2023-12-01 03:28:35.690 [info] <0.268.0> Successfully synced tables from a peer
2023-12-01 03:28:35.691 [info] <0.268.0> Peer discovery backend rabbit_peer_discovery_classic_config does not support registration, skipping registration.
2023-12-01 03:28:35.691 [info] <0.268.0> Running boot step database_sync defined by app rabbit
2023-12-01 03:28:35.691 [info] <0.268.0> Running boot step feature_flags defined by app rabbit
2023-12-01 03:28:35.691 [info] <0.268.0> Running boot step codec_correctness_check defined by app rabbit
2023-12-01 03:28:35.691 [info] <0.268.0> Running boot step external_infrastructure defined by app rabbit
2023-12-01 03:28:35.691 [info] <0.268.0> Running boot step rabbit_registry defined by app rabbit
2023-12-01 03:28:35.691 [info] <0.268.0> Running boot step rabbit_auth_mechanism_cr_demo defined by app rabbit
2023-12-01 03:28:35.691 [info] <0.268.0> Running boot step rabbit_queue_location_random defined by app rabbit
2023-12-01 03:28:35.691 [info] <0.268.0> Running boot step rabbit_event defined by app rabbit
2023-12-01 03:28:35.691 [info] <0.268.0> Running boot step rabbit_auth_mechanism_amqplain defined by app rabbit
2023-12-01 03:28:35.691 [info] <0.268.0> Running boot step rabbit_auth_mechanism_plain defined by app rabbit
2023-12-01 03:28:35.691 [info] <0.268.0> Running boot step rabbit_exchange_type_direct defined by app rabbit
2023-12-01 03:28:35.691 [info] <0.268.0> Running boot step rabbit_exchange_type_fanout defined by app rabbit
2023-12-01 03:28:35.692 [info] <0.268.0> Running boot step rabbit_exchange_type_headers defined by app rabbit
2023-12-01 03:28:35.692 [info] <0.268.0> Running boot step rabbit_exchange_type_topic defined by app rabbit
2023-12-01 03:28:35.692 [info] <0.268.0> Running boot step rabbit_mirror_queue_mode_all defined by app rabbit
2023-12-01 03:28:35.692 [info] <0.268.0> Running boot step rabbit_mirror_queue_mode_exactly defined by app rabbit
2023-12-01 03:28:35.692 [info] <0.268.0> Running boot step rabbit_mirror_queue_mode_nodes defined by app rabbit
2023-12-01 03:28:35.692 [info] <0.268.0> Running boot step rabbit_priority_queue defined by app rabbit
2023-12-01 03:28:35.692 [info] <0.268.0> Priority queues enabled, real BQ is rabbit_variable_queue
2023-12-01 03:28:35.692 [info] <0.268.0> Running boot step rabbit_queue_location_client_local defined by app rabbit
2023-12-01 03:28:35.692 [info] <0.268.0> Running boot step rabbit_queue_location_min_masters defined by app rabbit
2023-12-01 03:28:35.692 [info] <0.268.0> Running boot step kernel_ready defined by app rabbit
2023-12-01 03:28:35.693 [info] <0.268.0> Running boot step rabbit_sysmon_minder defined by app rabbit
2023-12-01 03:28:35.693 [info] <0.268.0> Running boot step rabbit_epmd_monitor defined by app rabbit
2023-12-01 03:28:35.694 [info] <0.586.0> epmd monitor knows us, inter-node communication (distribution) port: 25672
2023-12-01 03:28:35.694 [info] <0.268.0> Running boot step guid_generator defined by app rabbit
2023-12-01 03:28:35.729 [info] <0.268.0> Running boot step rabbit_node_monitor defined by app rabbit
2023-12-01 03:28:35.729 [info] <0.590.0> Starting rabbit_node_monitor
2023-12-01 03:28:35.729 [info] <0.268.0> Running boot step delegate_sup defined by app rabbit
2023-12-01 03:28:35.730 [info] <0.268.0> Running boot step rabbit_memory_monitor defined by app rabbit
2023-12-01 03:28:35.731 [info] <0.268.0> Running boot step core_initialized defined by app rabbit
2023-12-01 03:28:35.731 [info] <0.268.0> Running boot step upgrade_queues defined by app rabbit
2023-12-01 03:28:35.749 [info] <0.268.0> message_store upgrades: 1 to apply
2023-12-01 03:28:35.749 [info] <0.268.0> message_store upgrades: Applying rabbit_variable_queue:move_messages_to_vhost_store
2023-12-01 03:28:35.749 [info] <0.268.0> message_store upgrades: No durable queues found. Skipping message store migration
2023-12-01 03:28:35.749 [info] <0.268.0> message_store upgrades: Removing the old message store data
2023-12-01 03:28:35.749 [info] <0.268.0> message_store upgrades: All upgrades applied successfully
2023-12-01 03:28:35.788 [info] <0.268.0> Running boot step rabbit_connection_tracking defined by app rabbit
2023-12-01 03:28:35.788 [info] <0.268.0> Running boot step rabbit_connection_tracking_handler defined by app rabbit
2023-12-01 03:28:35.788 [info] <0.268.0> Running boot step rabbit_exchange_parameters defined by app rabbit
2023-12-01 03:28:35.788 [info] <0.268.0> Running boot step rabbit_mirror_queue_misc defined by app rabbit
2023-12-01 03:28:35.789 [info] <0.268.0> Running boot step rabbit_policies defined by app rabbit
2023-12-01 03:28:35.792 [info] <0.268.0> Running boot step rabbit_policy defined by app rabbit
2023-12-01 03:28:35.792 [info] <0.268.0> Running boot step rabbit_queue_location_validator defined by app rabbit
2023-12-01 03:28:35.792 [info] <0.268.0> Running boot step rabbit_quorum_memory_manager defined by app rabbit
2023-12-01 03:28:35.792 [info] <0.268.0> Running boot step rabbit_vhost_limit defined by app rabbit
2023-12-01 03:28:35.793 [info] <0.268.0> Running boot step recovery defined by app rabbit
2023-12-01 03:28:35.794 [info] <0.268.0> Running boot step definition_import_worker_pool defined by app rabbit
2023-12-01 03:28:35.794 [info] <0.346.0> Starting worker pool 'definition_import_pool' with 64 processes in it
2023-12-01 03:28:35.797 [info] <0.268.0> Running boot step load_core_definitions defined by app rabbit
2023-12-01 03:28:35.797 [info] <0.268.0> Running boot step empty_db_check defined by app rabbit
2023-12-01 03:28:35.797 [info] <0.268.0> Adding vhost '/' (description: 'Default virtual host')
2023-12-01 03:28:36.030 [info] <0.693.0> Making sure data directory '/var/lib/rabbitmq/mnesia/rabbit@write-home-timeline-rabbitmq/msg_stores/vhosts/628WB79CIFDYO9LJI6DKMI09L' for vhost '/' exists
2023-12-01 03:28:36.064 [info] <0.693.0> Starting message stores for vhost '/'
2023-12-01 03:28:36.064 [info] <0.697.0> Message store "628WB79CIFDYO9LJI6DKMI09L/msg_store_transient": using rabbit_msg_store_ets_index to provide index
2023-12-01 03:28:36.066 [info] <0.693.0> Started message store of type transient for vhost '/'
2023-12-01 03:28:36.066 [info] <0.701.0> Message store "628WB79CIFDYO9LJI6DKMI09L/msg_store_persistent": using rabbit_msg_store_ets_index to provide index
2023-12-01 03:28:36.067 [warning] <0.701.0> Message store "628WB79CIFDYO9LJI6DKMI09L/msg_store_persistent": rebuilding indices from scratch
2023-12-01 03:28:36.069 [info] <0.693.0> Started message store of type persistent for vhost '/'
2023-12-01 03:28:36.097 [info] <0.268.0> Created user 'guest'
2023-12-01 03:28:36.122 [info] <0.268.0> Successfully set user tags for user 'guest' to [administrator]
2023-12-01 03:28:36.147 [info] <0.268.0> Successfully set permissions for 'guest' in virtual host '/' to '.*', '.*', '.*'
2023-12-01 03:28:36.148 [info] <0.268.0> Running boot step rabbit_looking_glass defined by app rabbit
2023-12-01 03:28:36.148 [info] <0.268.0> Running boot step rabbit_core_metrics_gc defined by app rabbit
2023-12-01 03:28:36.148 [info] <0.268.0> Running boot step background_gc defined by app rabbit
2023-12-01 03:28:36.148 [info] <0.268.0> Running boot step connection_tracking defined by app rabbit
2023-12-01 03:28:36.181 [info] <0.268.0> Setting up a table for connection tracking on this node: 'tracked_connection_on_node_rabbit@write-home-timeline-rabbitmq'
2023-12-01 03:28:36.208 [info] <0.268.0> Setting up a table for per-vhost connection counting on this node: 'tracked_connection_per_vhost_on_node_rabbit@write-home-timeline-rabbitmq'
2023-12-01 03:28:36.208 [info] <0.268.0> Running boot step routing_ready defined by app rabbit
2023-12-01 03:28:36.208 [info] <0.268.0> Running boot step pre_flight defined by app rabbit
2023-12-01 03:28:36.208 [info] <0.268.0> Running boot step notify_cluster defined by app rabbit
2023-12-01 03:28:36.208 [info] <0.268.0> Running boot step networking defined by app rabbit
2023-12-01 03:28:36.211 [info] <0.748.0> started TCP listener on [::]:5672
2023-12-01 03:28:36.212 [info] <0.268.0> Running boot step cluster_name defined by app rabbit
2023-12-01 03:28:36.212 [info] <0.268.0> Initialising internal cluster ID to 'rabbitmq-cluster-id-Bq9iHX8OP52cJO5ISQWzEA'
2023-12-01 03:28:36.240 [info] <0.268.0> Running boot step direct_client defined by app rabbit
2023-12-01 03:28:36.500 [info] <0.751.0> Server startup complete; 0 plugins started.
 completed with 0 plugins.
