I1201 03:28:30.175239 Main     thread.cpp:100] Register main thread: tid=1
I1201 03:28:30.175665 Main     func_config.cpp:135] Load configuration for function SocialGraphService[1]
I1201 03:28:30.175690 Main     func_config.cpp:135] Load configuration for function ComposePostService[2]
I1201 03:28:30.175705 Main     func_config.cpp:135] Load configuration for function PostStorageService[3]
I1201 03:28:30.175716 Main     func_config.cpp:135] Load configuration for function UserTimelineService[4]
I1201 03:28:30.175725 Main     func_config.cpp:135] Load configuration for function UrlShortenService[5]
I1201 03:28:30.175734 Main     func_config.cpp:135] Load configuration for function UserService[6]
I1201 03:28:30.175743 Main     func_config.cpp:135] Load configuration for function MediaService[7]
I1201 03:28:30.175753 Main     func_config.cpp:135] Load configuration for function TextService[8]
I1201 03:28:30.175762 Main     func_config.cpp:135] Load configuration for function UniqueIdService[9]
I1201 03:28:30.175772 Main     func_config.cpp:135] Load configuration for function UserMentionService[10]
I1201 03:28:30.175781 Main     func_config.cpp:135] Load configuration for function HomeTimelineService[11]
I1201 03:28:30.175797 Main     engine.cpp:86] Engine: Start 2 IO workers
I1201 03:28:30.176059 IO-0/EL  thread.cpp:40] Start thread: IO-0/EL
I1201 03:28:30.176170 IO-0/EL  io_worker.cpp:167] IO-0: Event loop starts
I1201 03:28:30.176267 IO-1/EL  thread.cpp:40] Start thread: IO-1/EL
I1201 03:28:30.176379 IO-1/EL  io_worker.cpp:167] IO-1: Event loop starts
I1201 03:28:30.178425 Main     engine.cpp:118] Engine: Listen on /tmp/nightcore/ipc/engine.sock for IPC connections
I1201 03:28:30.178686 Server/E thread.cpp:40] Start thread: Server/EL
I1201 03:28:30.178757 Server/E server_base.cpp:50] Server: Event loop starts
I1201 03:28:30.178941 Server/E engine.cpp:491] Engine: New gateway connection (conn_id=0) assigned to IO worker 0
I1201 03:28:30.178998 Server/E engine.cpp:491] Engine: New gateway connection (conn_id=1) assigned to IO worker 1
I1201 03:28:30.179024 Server/E engine.cpp:491] Engine: New gateway connection (conn_id=2) assigned to IO worker 0
I1201 03:28:30.179046 Server/E engine.cpp:491] Engine: New gateway connection (conn_id=3) assigned to IO worker 1
I1201 03:28:30.179070 Server/E engine.cpp:491] Engine: New gateway connection (conn_id=4) assigned to IO worker 0
I1201 03:28:30.179091 Server/E engine.cpp:491] Engine: New gateway connection (conn_id=5) assigned to IO worker 1
I1201 03:28:30.179109 Server/E engine.cpp:491] Engine: New gateway connection (conn_id=6) assigned to IO worker 0
I1201 03:28:30.179127 Server/E engine.cpp:491] Engine: New gateway connection (conn_id=7) assigned to IO worker 1
I1201 03:28:30.179151 Server/E engine.cpp:491] Engine: New gateway connection (conn_id=8) assigned to IO worker 0
I1201 03:28:30.179157 IO-0/EL  io_worker.cpp:213] IO-0: New connection of type 0, total of type 0 is 1
I1201 03:28:30.179171 Server/E engine.cpp:491] Engine: New gateway connection (conn_id=9) assigned to IO worker 1
I1201 03:28:30.179225 IO-0/EL  gateway_connection.cpp:150] GatewayConnection[0]: Handshake done
I1201 03:28:30.179215 IO-1/EL  io_worker.cpp:213] IO-1: New connection of type 0, total of type 0 is 1
I1201 03:28:30.179241 Server/E engine.cpp:491] Engine: New gateway connection (conn_id=10) assigned to IO worker 0
I1201 03:28:30.179293 IO-1/EL  gateway_connection.cpp:150] GatewayConnection[1]: Handshake done
I1201 03:28:30.179311 Server/E engine.cpp:491] Engine: New gateway connection (conn_id=11) assigned to IO worker 1
I1201 03:28:30.179331 Server/E engine.cpp:491] Engine: New gateway connection (conn_id=12) assigned to IO worker 0
I1201 03:28:30.179334 IO-0/EL  io_worker.cpp:213] IO-0: New connection of type 0, total of type 0 is 2
I1201 03:28:30.179351 IO-0/EL  gateway_connection.cpp:150] GatewayConnection[2]: Handshake done
I1201 03:28:30.179355 Server/E engine.cpp:491] Engine: New gateway connection (conn_id=13) assigned to IO worker 1
I1201 03:28:30.179376 Server/E engine.cpp:491] Engine: New gateway connection (conn_id=14) assigned to IO worker 0
I1201 03:28:30.179395 Server/E engine.cpp:491] Engine: New gateway connection (conn_id=15) assigned to IO worker 1
I1201 03:28:30.179405 IO-1/EL  io_worker.cpp:213] IO-1: New connection of type 0, total of type 0 is 2
I1201 03:28:30.179417 Server/E engine.cpp:491] Engine: New gateway connection (conn_id=16) assigned to IO worker 0
I1201 03:28:30.179421 IO-1/EL  gateway_connection.cpp:150] GatewayConnection[3]: Handshake done
I1201 03:28:30.179434 IO-0/EL  io_worker.cpp:213] IO-0: New connection of type 0, total of type 0 is 3
I1201 03:28:30.179440 Server/E engine.cpp:491] Engine: New gateway connection (conn_id=17) assigned to IO worker 1
I1201 03:28:30.179449 IO-0/EL  gateway_connection.cpp:150] GatewayConnection[4]: Handshake done
I1201 03:28:30.179463 Server/E engine.cpp:491] Engine: New gateway connection (conn_id=18) assigned to IO worker 0
I1201 03:28:30.179482 Server/E engine.cpp:491] Engine: New gateway connection (conn_id=19) assigned to IO worker 1
I1201 03:28:30.179504 IO-1/EL  io_worker.cpp:213] IO-1: New connection of type 0, total of type 0 is 3
I1201 03:28:30.179512 Server/E engine.cpp:491] Engine: New gateway connection (conn_id=20) assigned to IO worker 0
I1201 03:28:30.179519 IO-1/EL  gateway_connection.cpp:150] GatewayConnection[5]: Handshake done
I1201 03:28:30.179530 IO-0/EL  io_worker.cpp:213] IO-0: New connection of type 0, total of type 0 is 4
I1201 03:28:30.179546 IO-0/EL  gateway_connection.cpp:150] GatewayConnection[6]: Handshake done
I1201 03:28:30.179601 IO-1/EL  io_worker.cpp:213] IO-1: New connection of type 0, total of type 0 is 4
I1201 03:28:30.179618 IO-1/EL  gateway_connection.cpp:150] GatewayConnection[7]: Handshake done
I1201 03:28:30.179629 IO-0/EL  io_worker.cpp:213] IO-0: New connection of type 0, total of type 0 is 5
I1201 03:28:30.179644 IO-0/EL  gateway_connection.cpp:150] GatewayConnection[8]: Handshake done
I1201 03:28:30.179664 Server/E engine.cpp:491] Engine: New gateway connection (conn_id=21) assigned to IO worker 1
I1201 03:28:30.179689 Server/E engine.cpp:491] Engine: New gateway connection (conn_id=22) assigned to IO worker 0
I1201 03:28:30.179697 IO-1/EL  io_worker.cpp:213] IO-1: New connection of type 0, total of type 0 is 5
I1201 03:28:30.179707 Server/E engine.cpp:491] Engine: New gateway connection (conn_id=23) assigned to IO worker 1
I1201 03:28:30.179713 IO-1/EL  gateway_connection.cpp:150] GatewayConnection[9]: Handshake done
I1201 03:28:30.179722 IO-0/EL  io_worker.cpp:213] IO-0: New connection of type 0, total of type 0 is 6
I1201 03:28:30.179726 Server/E engine.cpp:491] Engine: New gateway connection (conn_id=24) assigned to IO worker 0
I1201 03:28:30.179741 IO-0/EL  gateway_connection.cpp:150] GatewayConnection[10]: Handshake done
I1201 03:28:30.179752 Server/E engine.cpp:491] Engine: New gateway connection (conn_id=25) assigned to IO worker 1
I1201 03:28:30.179775 Server/E engine.cpp:491] Engine: New gateway connection (conn_id=26) assigned to IO worker 0
I1201 03:28:30.179791 IO-1/EL  io_worker.cpp:213] IO-1: New connection of type 0, total of type 0 is 6
I1201 03:28:30.179798 Server/E engine.cpp:491] Engine: New gateway connection (conn_id=27) assigned to IO worker 1
I1201 03:28:30.179806 IO-1/EL  gateway_connection.cpp:150] GatewayConnection[11]: Handshake done
I1201 03:28:30.179818 Server/E engine.cpp:491] Engine: New gateway connection (conn_id=28) assigned to IO worker 0
I1201 03:28:30.179820 IO-0/EL  io_worker.cpp:213] IO-0: New connection of type 0, total of type 0 is 7
I1201 03:28:30.179835 IO-0/EL  gateway_connection.cpp:150] GatewayConnection[12]: Handshake done
I1201 03:28:30.179843 Server/E engine.cpp:491] Engine: New gateway connection (conn_id=29) assigned to IO worker 1
I1201 03:28:30.179862 Server/E engine.cpp:491] Engine: New gateway connection (conn_id=30) assigned to IO worker 0
I1201 03:28:30.179884 Server/E engine.cpp:491] Engine: New gateway connection (conn_id=31) assigned to IO worker 1
I1201 03:28:30.179885 IO-1/EL  io_worker.cpp:213] IO-1: New connection of type 0, total of type 0 is 7
I1201 03:28:30.179902 IO-1/EL  gateway_connection.cpp:150] GatewayConnection[13]: Handshake done
I1201 03:28:30.179916 IO-0/EL  io_worker.cpp:213] IO-0: New connection of type 0, total of type 0 is 8
I1201 03:28:30.179931 IO-0/EL  gateway_connection.cpp:150] GatewayConnection[14]: Handshake done
I1201 03:28:30.179982 IO-1/EL  io_worker.cpp:213] IO-1: New connection of type 0, total of type 0 is 8
I1201 03:28:30.180000 IO-1/EL  gateway_connection.cpp:150] GatewayConnection[15]: Handshake done
I1201 03:28:30.180009 IO-0/EL  io_worker.cpp:213] IO-0: New connection of type 0, total of type 0 is 9
I1201 03:28:30.180024 IO-0/EL  gateway_connection.cpp:150] GatewayConnection[16]: Handshake done
I1201 03:28:30.180077 IO-1/EL  io_worker.cpp:213] IO-1: New connection of type 0, total of type 0 is 9
I1201 03:28:30.180094 IO-1/EL  gateway_connection.cpp:150] GatewayConnection[17]: Handshake done
I1201 03:28:30.180102 IO-0/EL  io_worker.cpp:213] IO-0: New connection of type 0, total of type 0 is 10
I1201 03:28:30.180117 IO-0/EL  gateway_connection.cpp:150] GatewayConnection[18]: Handshake done
I1201 03:28:30.180172 IO-1/EL  io_worker.cpp:213] IO-1: New connection of type 0, total of type 0 is 10
I1201 03:28:30.180189 IO-1/EL  gateway_connection.cpp:150] GatewayConnection[19]: Handshake done
I1201 03:28:30.180195 IO-0/EL  io_worker.cpp:213] IO-0: New connection of type 0, total of type 0 is 11
I1201 03:28:30.180211 IO-0/EL  gateway_connection.cpp:150] GatewayConnection[20]: Handshake done
I1201 03:28:30.180267 IO-1/EL  io_worker.cpp:213] IO-1: New connection of type 0, total of type 0 is 11
I1201 03:28:30.180284 IO-1/EL  gateway_connection.cpp:150] GatewayConnection[21]: Handshake done
I1201 03:28:30.180289 IO-0/EL  io_worker.cpp:213] IO-0: New connection of type 0, total of type 0 is 12
I1201 03:28:30.180304 IO-0/EL  gateway_connection.cpp:150] GatewayConnection[22]: Handshake done
I1201 03:28:30.180362 IO-1/EL  io_worker.cpp:213] IO-1: New connection of type 0, total of type 0 is 12
I1201 03:28:30.180379 IO-1/EL  gateway_connection.cpp:150] GatewayConnection[23]: Handshake done
I1201 03:28:30.180381 IO-0/EL  io_worker.cpp:213] IO-0: New connection of type 0, total of type 0 is 13
I1201 03:28:30.180397 IO-0/EL  gateway_connection.cpp:150] GatewayConnection[24]: Handshake done
I1201 03:28:30.180457 IO-1/EL  io_worker.cpp:213] IO-1: New connection of type 0, total of type 0 is 13
I1201 03:28:30.180474 IO-1/EL  gateway_connection.cpp:150] GatewayConnection[25]: Handshake done
I1201 03:28:30.180475 IO-0/EL  io_worker.cpp:213] IO-0: New connection of type 0, total of type 0 is 14
I1201 03:28:30.180492 IO-0/EL  gateway_connection.cpp:150] GatewayConnection[26]: Handshake done
I1201 03:28:30.180552 IO-1/EL  io_worker.cpp:213] IO-1: New connection of type 0, total of type 0 is 14
I1201 03:28:30.180570 IO-1/EL  gateway_connection.cpp:150] GatewayConnection[27]: Handshake done
I1201 03:28:30.180572 IO-0/EL  io_worker.cpp:213] IO-0: New connection of type 0, total of type 0 is 15
I1201 03:28:30.180587 IO-0/EL  gateway_connection.cpp:150] GatewayConnection[28]: Handshake done
I1201 03:28:30.180650 IO-1/EL  io_worker.cpp:213] IO-1: New connection of type 0, total of type 0 is 15
I1201 03:28:30.180667 IO-1/EL  gateway_connection.cpp:150] GatewayConnection[29]: Handshake done
I1201 03:28:30.180673 IO-0/EL  io_worker.cpp:213] IO-0: New connection of type 0, total of type 0 is 16
I1201 03:28:30.180688 IO-0/EL  gateway_connection.cpp:150] GatewayConnection[30]: Handshake done
I1201 03:28:30.180752 IO-1/EL  io_worker.cpp:213] IO-1: New connection of type 0, total of type 0 is 16
I1201 03:28:30.180769 IO-1/EL  gateway_connection.cpp:150] GatewayConnection[31]: Handshake done
