I1201 03:28:15.970452 Main     thread.cpp:100] Register main thread: tid=1
I1201 03:28:15.970745 Main     func_config.cpp:135] Load configuration for function SocialGraphService[1]
I1201 03:28:15.970765 Main     func_config.cpp:135] Load configuration for function ComposePostService[2]
I1201 03:28:15.970775 Main     func_config.cpp:135] Load configuration for function PostStorageService[3]
I1201 03:28:15.970785 Main     func_config.cpp:135] Load configuration for function UserTimelineService[4]
I1201 03:28:15.970794 Main     func_config.cpp:135] Load configuration for function UrlShortenService[5]
I1201 03:28:15.970803 Main     func_config.cpp:135] Load configuration for function UserService[6]
I1201 03:28:15.970812 Main     func_config.cpp:135] Load configuration for function MediaService[7]
I1201 03:28:15.970822 Main     func_config.cpp:135] Load configuration for function TextService[8]
I1201 03:28:15.970835 Main     func_config.cpp:135] Load configuration for function UniqueIdService[9]
I1201 03:28:15.970845 Main     func_config.cpp:135] Load configuration for function UserMentionService[10]
I1201 03:28:15.970854 Main     func_config.cpp:135] Load configuration for function HomeTimelineService[11]
I1201 03:28:15.970870 Main     server.cpp:80] Server: Start 4 IO workers
I1201 03:28:15.971059 IO-0/EL  thread.cpp:40] Start thread: IO-0/EL
I1201 03:28:15.971147 IO-0/EL  io_worker.cpp:167] IO-0: Event loop starts
I1201 03:28:15.971195 IO-1/EL  thread.cpp:40] Start thread: IO-1/EL
I1201 03:28:15.971295 IO-1/EL  io_worker.cpp:167] IO-1: Event loop starts
I1201 03:28:15.971319 IO-2/EL  thread.cpp:40] Start thread: IO-2/EL
I1201 03:28:15.971389 IO-2/EL  io_worker.cpp:167] IO-2: Event loop starts
I1201 03:28:15.971460 IO-3/EL  thread.cpp:40] Start thread: IO-3/EL
I1201 03:28:15.971521 IO-3/EL  io_worker.cpp:167] IO-3: Event loop starts
I1201 03:28:15.971567 Main     server.cpp:92] Server: Listen on 0.0.0.0:10007 for engine connections
I1201 03:28:15.971606 Main     server.cpp:100] Server: Listen on 0.0.0.0:8080 for HTTP requests
I1201 03:28:15.971628 Main     server.cpp:107] Server: Listen on 0.0.0.0:50051 for gRPC requests
I1201 03:28:15.971751 Server/E thread.cpp:40] Start thread: Server/EL
I1201 03:28:15.971827 Server/E server_base.cpp:50] Server: Event loop starts
I1201 03:28:30.179506 Server/E buffer_pool.h:25] BufferPool[HandshakeRead]: Allocate new buffer, current buffer count is 1
I1201 03:28:30.179621 Server/E server.cpp:410] Server: Number of connected nodes: 1
I1201 03:28:30.179636 Server/E server.cpp:414] Server: New engine connection (node_id=59123, conn_id=0) assigned to IO worker 0
I1201 03:28:30.197689 IO-0/EL  io_worker.cpp:213] IO-0: New connection of type 59125, total of type 59125 is 1
I1201 03:28:30.197712 Server/E server.cpp:414] Server: New engine connection (node_id=59123, conn_id=1) assigned to IO worker 1
I1201 03:28:30.197820 Server/E server.cpp:414] Server: New engine connection (node_id=59123, conn_id=2) assigned to IO worker 2
I1201 03:28:30.197910 IO-1/EL  io_worker.cpp:213] IO-1: New connection of type 59125, total of type 59125 is 1
I1201 03:28:30.197955 Server/E server.cpp:414] Server: New engine connection (node_id=59123, conn_id=3) assigned to IO worker 3
I1201 03:28:30.197965 IO-2/EL  io_worker.cpp:213] IO-2: New connection of type 59125, total of type 59125 is 1
I1201 03:28:30.197998 Server/E server.cpp:414] Server: New engine connection (node_id=59123, conn_id=4) assigned to IO worker 0
I1201 03:28:30.198065 Server/E server.cpp:414] Server: New engine connection (node_id=59123, conn_id=5) assigned to IO worker 1
I1201 03:28:30.198064 IO-3/EL  io_worker.cpp:213] IO-3: New connection of type 59125, total of type 59125 is 1
I1201 03:28:30.198101 Server/E server.cpp:414] Server: New engine connection (node_id=59123, conn_id=7) assigned to IO worker 3
I1201 03:28:30.198098 IO-0/EL  io_worker.cpp:213] IO-0: New connection of type 59125, total of type 59125 is 2
I1201 03:28:30.198132 Server/E server.cpp:414] Server: New engine connection (node_id=59123, conn_id=6) assigned to IO worker 2
I1201 03:28:30.198147 IO-3/EL  io_worker.cpp:213] IO-3: New connection of type 59125, total of type 59125 is 2
I1201 03:28:30.198176 Server/E server.cpp:414] Server: New engine connection (node_id=59123, conn_id=8) assigned to IO worker 0
I1201 03:28:30.198206 Server/E server.cpp:414] Server: New engine connection (node_id=59123, conn_id=10) assigned to IO worker 2
I1201 03:28:30.198211 IO-1/EL  io_worker.cpp:213] IO-1: New connection of type 59125, total of type 59125 is 2
I1201 03:28:30.198213 IO-2/EL  io_worker.cpp:213] IO-2: New connection of type 59125, total of type 59125 is 2
I1201 03:28:30.198230 IO-0/EL  io_worker.cpp:213] IO-0: New connection of type 59125, total of type 59125 is 3
I1201 03:28:30.198232 Server/E server.cpp:414] Server: New engine connection (node_id=59123, conn_id=9) assigned to IO worker 1
I1201 03:28:30.198288 IO-2/EL  io_worker.cpp:213] IO-2: New connection of type 59125, total of type 59125 is 3
I1201 03:28:30.198302 IO-1/EL  io_worker.cpp:213] IO-1: New connection of type 59125, total of type 59125 is 3
I1201 03:28:30.198289 Server/E server.cpp:414] Server: New engine connection (node_id=59123, conn_id=11) assigned to IO worker 3
I1201 03:28:30.198347 Server/E server.cpp:414] Server: New engine connection (node_id=59123, conn_id=13) assigned to IO worker 1
I1201 03:28:30.198354 IO-3/EL  io_worker.cpp:213] IO-3: New connection of type 59125, total of type 59125 is 3
I1201 03:28:30.198381 Server/E server.cpp:414] Server: New engine connection (node_id=59123, conn_id=12) assigned to IO worker 0
I1201 03:28:30.198394 IO-1/EL  io_worker.cpp:213] IO-1: New connection of type 59125, total of type 59125 is 4
I1201 03:28:30.198415 Server/E server.cpp:414] Server: New engine connection (node_id=59123, conn_id=14) assigned to IO worker 2
I1201 03:28:30.198449 Server/E server.cpp:414] Server: New engine connection (node_id=59123, conn_id=15) assigned to IO worker 3
I1201 03:28:30.198441 IO-0/EL  io_worker.cpp:213] IO-0: New connection of type 59125, total of type 59125 is 4
I1201 03:28:30.198474 IO-2/EL  io_worker.cpp:213] IO-2: New connection of type 59125, total of type 59125 is 4
I1201 03:28:30.198495 Server/E server.cpp:414] Server: New engine connection (node_id=59123, conn_id=17) assigned to IO worker 1
I1201 03:28:30.198504 IO-3/EL  io_worker.cpp:213] IO-3: New connection of type 59125, total of type 59125 is 4
I1201 03:28:30.198528 Server/E server.cpp:414] Server: New engine connection (node_id=59123, conn_id=16) assigned to IO worker 0
I1201 03:28:30.198541 IO-1/EL  io_worker.cpp:213] IO-1: New connection of type 59125, total of type 59125 is 5
I1201 03:28:30.198558 Server/E server.cpp:414] Server: New engine connection (node_id=59123, conn_id=18) assigned to IO worker 2
I1201 03:28:30.198582 IO-0/EL  io_worker.cpp:213] IO-0: New connection of type 59125, total of type 59125 is 5
I1201 03:28:30.198587 Server/E server.cpp:414] Server: New engine connection (node_id=59123, conn_id=19) assigned to IO worker 3
I1201 03:28:30.198611 IO-2/EL  io_worker.cpp:213] IO-2: New connection of type 59125, total of type 59125 is 5
I1201 03:28:30.198636 Server/E server.cpp:414] Server: New engine connection (node_id=59123, conn_id=20) assigned to IO worker 0
I1201 03:28:30.198649 IO-3/EL  io_worker.cpp:213] IO-3: New connection of type 59125, total of type 59125 is 5
I1201 03:28:30.198680 Server/E server.cpp:414] Server: New engine connection (node_id=59123, conn_id=22) assigned to IO worker 2
I1201 03:28:30.198701 IO-0/EL  io_worker.cpp:213] IO-0: New connection of type 59125, total of type 59125 is 6
I1201 03:28:30.198714 Server/E server.cpp:414] Server: New engine connection (node_id=59123, conn_id=23) assigned to IO worker 3
I1201 03:28:30.198738 IO-2/EL  io_worker.cpp:213] IO-2: New connection of type 59125, total of type 59125 is 6
I1201 03:28:30.198756 IO-3/EL  io_worker.cpp:213] IO-3: New connection of type 59125, total of type 59125 is 6
I1201 03:28:30.198743 Server/E server.cpp:414] Server: New engine connection (node_id=59123, conn_id=27) assigned to IO worker 3
I1201 03:28:30.198791 Server/E server.cpp:414] Server: New engine connection (node_id=59123, conn_id=26) assigned to IO worker 2
I1201 03:28:30.198804 IO-3/EL  io_worker.cpp:213] IO-3: New connection of type 59125, total of type 59125 is 7
I1201 03:28:30.198827 Server/E server.cpp:414] Server: New engine connection (node_id=59123, conn_id=28) assigned to IO worker 0
I1201 03:28:30.198845 IO-2/EL  io_worker.cpp:213] IO-2: New connection of type 59125, total of type 59125 is 7
I1201 03:28:30.198857 Server/E server.cpp:414] Server: New engine connection (node_id=59123, conn_id=25) assigned to IO worker 1
I1201 03:28:30.198880 IO-0/EL  io_worker.cpp:213] IO-0: New connection of type 59125, total of type 59125 is 7
I1201 03:28:30.198887 Server/E server.cpp:414] Server: New engine connection (node_id=59123, conn_id=21) assigned to IO worker 1
I1201 03:28:30.198898 IO-1/EL  io_worker.cpp:213] IO-1: New connection of type 59125, total of type 59125 is 6
I1201 03:28:30.198920 Server/E server.cpp:414] Server: New engine connection (node_id=59123, conn_id=24) assigned to IO worker 0
I1201 03:28:30.198931 IO-1/EL  io_worker.cpp:213] IO-1: New connection of type 59125, total of type 59125 is 7
I1201 03:28:30.198960 Server/E server.cpp:414] Server: New engine connection (node_id=59123, conn_id=30) assigned to IO worker 2
I1201 03:28:30.198975 IO-0/EL  io_worker.cpp:213] IO-0: New connection of type 59125, total of type 59125 is 8
I1201 03:28:30.198993 Server/E server.cpp:414] Server: New engine connection (node_id=59123, conn_id=31) assigned to IO worker 3
I1201 03:28:30.199023 Server/E server.cpp:414] Server: New engine connection (node_id=59123, conn_id=29) assigned to IO worker 1
I1201 03:28:30.199026 IO-2/EL  io_worker.cpp:213] IO-2: New connection of type 59125, total of type 59125 is 8
I1201 03:28:30.199041 IO-3/EL  io_worker.cpp:213] IO-3: New connection of type 59125, total of type 59125 is 8
I1201 03:28:30.199075 IO-1/EL  io_worker.cpp:213] IO-1: New connection of type 59125, total of type 59125 is 8
I1201 03:29:22.190527 IO-0/EL  io_worker.cpp:213] IO-0: New connection of type 0, total of type 0 is 1
I1201 03:29:22.190553 IO-1/EL  io_worker.cpp:213] IO-1: New connection of type 0, total of type 0 is 1
I1201 03:29:22.190592 IO-2/EL  io_worker.cpp:213] IO-2: New connection of type 0, total of type 0 is 1
I1201 03:29:22.190609 IO-0/EL  io_worker.cpp:213] IO-0: New connection of type 0, total of type 0 is 2
I1201 03:29:22.190628 IO-1/EL  io_worker.cpp:213] IO-1: New connection of type 0, total of type 0 is 2
I1201 03:29:22.190628 IO-3/EL  io_worker.cpp:213] IO-3: New connection of type 0, total of type 0 is 1
I1201 03:29:22.190646 IO-2/EL  io_worker.cpp:213] IO-2: New connection of type 0, total of type 0 is 2
I1201 03:29:22.190661 IO-1/EL  io_worker.cpp:213] IO-1: New connection of type 0, total of type 0 is 3
I1201 03:29:22.190646 IO-0/EL  io_worker.cpp:213] IO-0: New connection of type 0, total of type 0 is 3
I1201 03:29:22.190680 IO-3/EL  io_worker.cpp:213] IO-3: New connection of type 0, total of type 0 is 2
I1201 03:29:22.190700 IO-2/EL  io_worker.cpp:213] IO-2: New connection of type 0, total of type 0 is 3
I1201 03:29:22.190722 IO-3/EL  io_worker.cpp:213] IO-3: New connection of type 0, total of type 0 is 3
I1201 03:29:22.190731 IO-0/EL  io_worker.cpp:213] IO-0: New connection of type 0, total of type 0 is 4
I1201 03:29:22.190757 IO-1/EL  io_worker.cpp:213] IO-1: New connection of type 0, total of type 0 is 4
I1201 03:29:22.190884 IO-2/EL  io_worker.cpp:213] IO-2: New connection of type 0, total of type 0 is 4
I1201 03:29:22.190910 IO-3/EL  io_worker.cpp:213] IO-3: New connection of type 0, total of type 0 is 4
I1201 03:29:22.191777 IO-0/EL  buffer_pool.h:25] BufferPool[IO-0_Read]: Allocate new buffer, current buffer count is 1
I1201 03:29:22.191779 IO-1/EL  buffer_pool.h:25] BufferPool[IO-1_Read]: Allocate new buffer, current buffer count is 1
I1201 03:29:22.191832 IO-2/EL  buffer_pool.h:25] BufferPool[IO-2_Read]: Allocate new buffer, current buffer count is 1
I1201 03:29:22.191967 IO-3/EL  buffer_pool.h:25] BufferPool[IO-3_Read]: Allocate new buffer, current buffer count is 1
I1201 03:29:22.642777 IO-0/EL  io_worker.cpp:151] IO-0: One connection of type 0 closed, total of type 0 is 3
I1201 03:29:22.642802 IO-3/EL  io_worker.cpp:151] IO-3: One connection of type 0 closed, total of type 0 is 3
I1201 03:29:22.642950 IO-0/EL  io_worker.cpp:151] IO-0: One connection of type 0 closed, total of type 0 is 2
I1201 03:29:22.642944 IO-2/EL  io_worker.cpp:151] IO-2: One connection of type 0 closed, total of type 0 is 3
I1201 03:29:22.642997 IO-0/EL  io_worker.cpp:151] IO-0: One connection of type 0 closed, total of type 0 is 1
I1201 03:29:22.643004 IO-3/EL  io_worker.cpp:151] IO-3: One connection of type 0 closed, total of type 0 is 2
I1201 03:29:22.643027 IO-3/EL  io_worker.cpp:151] IO-3: One connection of type 0 closed, total of type 0 is 1
I1201 03:29:22.643045 IO-3/EL  io_worker.cpp:151] IO-3: One connection of type 0 closed, total of type 0 is 0
I1201 03:29:22.643070 IO-0/EL  io_worker.cpp:151] IO-0: One connection of type 0 closed, total of type 0 is 0
I1201 03:29:22.643155 IO-1/EL  io_worker.cpp:151] IO-1: One connection of type 0 closed, total of type 0 is 3
I1201 03:29:22.643189 IO-2/EL  io_worker.cpp:151] IO-2: One connection of type 0 closed, total of type 0 is 2
I1201 03:29:22.643223 IO-2/EL  io_worker.cpp:151] IO-2: One connection of type 0 closed, total of type 0 is 1
I1201 03:29:22.643223 IO-1/EL  io_worker.cpp:151] IO-1: One connection of type 0 closed, total of type 0 is 2
I1201 03:29:22.643270 IO-2/EL  io_worker.cpp:151] IO-2: One connection of type 0 closed, total of type 0 is 0
I1201 03:29:22.643282 IO-1/EL  io_worker.cpp:151] IO-1: One connection of type 0 closed, total of type 0 is 1
I1201 03:29:22.643302 IO-1/EL  io_worker.cpp:151] IO-1: One connection of type 0 closed, total of type 0 is 0
I1201 03:29:22.651343 IO-0/EL  io_worker.cpp:213] IO-0: New connection of type 0, total of type 0 is 1
I1201 03:29:22.651366 IO-1/EL  io_worker.cpp:213] IO-1: New connection of type 0, total of type 0 is 1
I1201 03:29:22.651396 IO-2/EL  io_worker.cpp:213] IO-2: New connection of type 0, total of type 0 is 1
I1201 03:29:22.651404 IO-3/EL  io_worker.cpp:213] IO-3: New connection of type 0, total of type 0 is 1
I1201 03:29:22.651424 IO-0/EL  io_worker.cpp:213] IO-0: New connection of type 0, total of type 0 is 2
I1201 03:29:22.651445 IO-1/EL  io_worker.cpp:213] IO-1: New connection of type 0, total of type 0 is 2
I1201 03:29:22.651465 IO-2/EL  io_worker.cpp:213] IO-2: New connection of type 0, total of type 0 is 2
I1201 03:29:22.651487 IO-3/EL  io_worker.cpp:213] IO-3: New connection of type 0, total of type 0 is 2
I1201 03:29:22.651501 IO-0/EL  io_worker.cpp:213] IO-0: New connection of type 0, total of type 0 is 3
I1201 03:29:22.651520 IO-1/EL  io_worker.cpp:213] IO-1: New connection of type 0, total of type 0 is 3
I1201 03:29:22.651596 IO-2/EL  io_worker.cpp:213] IO-2: New connection of type 0, total of type 0 is 3
I1201 03:29:22.651635 IO-3/EL  io_worker.cpp:213] IO-3: New connection of type 0, total of type 0 is 3
I1201 03:29:22.651682 IO-0/EL  io_worker.cpp:213] IO-0: New connection of type 0, total of type 0 is 4
I1201 03:29:22.651699 IO-1/EL  io_worker.cpp:213] IO-1: New connection of type 0, total of type 0 is 4
I1201 03:29:22.651718 IO-2/EL  io_worker.cpp:213] IO-2: New connection of type 0, total of type 0 is 4
I1201 03:29:22.651735 IO-3/EL  io_worker.cpp:213] IO-3: New connection of type 0, total of type 0 is 4
I1201 03:29:41.038711 IO-0/EL  io_worker.cpp:213] IO-0: New connection of type 0, total of type 0 is 5
I1201 03:29:41.107727 IO-0/EL  io_worker.cpp:151] IO-0: One connection of type 0 closed, total of type 0 is 4
I1201 03:30:23.171235 IO-1/EL  io_worker.cpp:213] IO-1: New connection of type 0, total of type 0 is 5
I1201 03:30:23.241893 IO-1/EL  io_worker.cpp:151] IO-1: One connection of type 0 closed, total of type 0 is 4
I1201 03:30:44.667978 IO-2/EL  io_worker.cpp:213] IO-2: New connection of type 0, total of type 0 is 5
I1201 03:30:44.737247 IO-2/EL  io_worker.cpp:151] IO-2: One connection of type 0 closed, total of type 0 is 4
I1201 03:30:51.624688 IO-3/EL  io_worker.cpp:213] IO-3: New connection of type 0, total of type 0 is 5
I1201 03:30:51.697778 IO-3/EL  io_worker.cpp:151] IO-3: One connection of type 0 closed, total of type 0 is 4
I1201 03:31:05.305860 IO-1/EL  io_worker.cpp:151] IO-1: One connection of type 0 closed, total of type 0 is 3
I1201 03:31:05.306009 IO-3/EL  io_worker.cpp:151] IO-3: One connection of type 0 closed, total of type 0 is 3
I1201 03:31:05.306071 IO-3/EL  io_worker.cpp:151] IO-3: One connection of type 0 closed, total of type 0 is 2
I1201 03:31:05.306088 IO-1/EL  io_worker.cpp:151] IO-1: One connection of type 0 closed, total of type 0 is 2
I1201 03:31:05.306068 IO-2/EL  io_worker.cpp:151] IO-2: One connection of type 0 closed, total of type 0 is 3
I1201 03:31:05.306069 IO-0/EL  io_worker.cpp:151] IO-0: One connection of type 0 closed, total of type 0 is 3
I1201 03:31:05.309711 IO-1/EL  io_worker.cpp:151] IO-1: One connection of type 0 closed, total of type 0 is 1
I1201 03:31:05.309742 IO-2/EL  io_worker.cpp:151] IO-2: One connection of type 0 closed, total of type 0 is 2
I1201 03:31:05.309770 IO-1/EL  io_worker.cpp:151] IO-1: One connection of type 0 closed, total of type 0 is 0
I1201 03:31:05.309775 IO-2/EL  io_worker.cpp:151] IO-2: One connection of type 0 closed, total of type 0 is 1
I1201 03:31:05.309784 IO-0/EL  io_worker.cpp:151] IO-0: One connection of type 0 closed, total of type 0 is 2
I1201 03:31:05.309809 IO-0/EL  io_worker.cpp:151] IO-0: One connection of type 0 closed, total of type 0 is 1
I1201 03:31:05.309780 IO-3/EL  io_worker.cpp:151] IO-3: One connection of type 0 closed, total of type 0 is 1
I1201 03:31:05.309852 IO-0/EL  io_worker.cpp:151] IO-0: One connection of type 0 closed, total of type 0 is 0
I1201 03:31:05.309856 IO-3/EL  io_worker.cpp:151] IO-3: One connection of type 0 closed, total of type 0 is 0
I1201 03:31:05.309907 IO-2/EL  io_worker.cpp:151] IO-2: One connection of type 0 closed, total of type 0 is 0
I1201 03:31:18.322525 IO-0/EL  io_worker.cpp:213] IO-0: New connection of type 0, total of type 0 is 1
W1201 03:31:18.322665 IO-0/EL  http_connection.cpp:257] HttpConnection[36]: Failed to parse URL, will close the connection
I1201 03:31:18.322749 IO-0/EL  io_worker.cpp:151] IO-0: One connection of type 0 closed, total of type 0 is 0
I1201 03:31:29.697866 IO-1/EL  io_worker.cpp:213] IO-1: New connection of type 0, total of type 0 is 1
W1201 03:31:29.697951 IO-1/EL  http_connection.cpp:257] HttpConnection[37]: Failed to parse URL, will close the connection
I1201 03:31:29.698045 IO-1/EL  io_worker.cpp:151] IO-1: One connection of type 0 closed, total of type 0 is 0
