2023-12-01T03:28:18.443+0000 I  CONTROL  [main] Automatically disabling TLS 1.0, to force-enable TLS 1.0 specify --sslDisabledProtocols 'none'
2023-12-01T03:28:18.447+0000 W  ASIO     [main] No TransportLayer configured during NetworkInterface startup
2023-12-01T03:28:18.448+0000 I  CONTROL  [initandlisten] MongoDB starting : pid=1 port=27017 dbpath=/data/db 64-bit host=socialnetwork-mongodb
2023-12-01T03:28:18.448+0000 I  CONTROL  [initandlisten] db version v4.2.8
2023-12-01T03:28:18.448+0000 I  CONTROL  [initandlisten] git version: 43d25964249164d76d5e04dd6cf38f6111e21f5f
2023-12-01T03:28:18.448+0000 I  CONTROL  [initandlisten] OpenSSL version: OpenSSL 1.1.1  11 Sep 2018
2023-12-01T03:28:18.448+0000 I  CONTROL  [initandlisten] allocator: tcmalloc
2023-12-01T03:28:18.448+0000 I  CONTROL  [initandlisten] modules: none
2023-12-01T03:28:18.448+0000 I  CONTROL  [initandlisten] build environment:
2023-12-01T03:28:18.448+0000 I  CONTROL  [initandlisten]     distmod: ubuntu1804
2023-12-01T03:28:18.448+0000 I  CONTROL  [initandlisten]     distarch: x86_64
2023-12-01T03:28:18.448+0000 I  CONTROL  [initandlisten]     target_arch: x86_64
2023-12-01T03:28:18.448+0000 I  CONTROL  [initandlisten] options: { net: { bindIp: "*" }, storage: { journal: { enabled: false } } }
2023-12-01T03:28:18.448+0000 I  STORAGE  [initandlisten] 
2023-12-01T03:28:18.448+0000 I  STORAGE  [initandlisten] ** WARNING: Using the XFS filesystem is strongly recommended with the WiredTiger storage engine
2023-12-01T03:28:18.448+0000 I  STORAGE  [initandlisten] **          See http://dochub.mongodb.org/core/prodnotes-filesystem
2023-12-01T03:28:18.448+0000 I  STORAGE  [initandlisten] wiredtiger_open config: create,cache_size=192304M,cache_overflow=(file_max=0M),session_max=33000,eviction=(threads_min=4,threads_max=4),config_base=false,statistics=(fast),log=(enabled=true,archive=true,path=journal,compressor=snappy),file_manager=(close_idle_time=100000,close_scan_interval=10,close_handle_minimum=250),statistics_log=(wait=0),verbose=[recovery_progress,checkpoint_progress],,log=(enabled=false),
2023-12-01T03:28:19.054+0000 I  STORAGE  [initandlisten] WiredTiger message [1701401299:54409][1:0x7f669ea10b00], txn-recover: Set global recovery timestamp: (0, 0)
2023-12-01T03:28:19.257+0000 I  RECOVERY [initandlisten] WiredTiger recoveryTimestamp. Ts: Timestamp(0, 0)
2023-12-01T03:28:19.432+0000 I  STORAGE  [initandlisten] Timestamp monitor starting
2023-12-01T03:28:19.489+0000 I  CONTROL  [initandlisten] 
2023-12-01T03:28:19.489+0000 I  CONTROL  [initandlisten] ** WARNING: Access control is not enabled for the database.
2023-12-01T03:28:19.489+0000 I  CONTROL  [initandlisten] **          Read and write access to data and configuration is unrestricted.
2023-12-01T03:28:19.489+0000 I  CONTROL  [initandlisten] 
2023-12-01T03:28:19.492+0000 I  CONTROL  [initandlisten] 
2023-12-01T03:28:19.492+0000 I  CONTROL  [initandlisten] ** WARNING: You are running on a NUMA machine.
2023-12-01T03:28:19.492+0000 I  CONTROL  [initandlisten] **          We suggest launching mongod like this to avoid performance problems:
2023-12-01T03:28:19.492+0000 I  CONTROL  [initandlisten] **              numactl --interleave=all mongod [other options]
2023-12-01T03:28:19.492+0000 I  CONTROL  [initandlisten] 
2023-12-01T03:28:19.493+0000 I  STORAGE  [initandlisten] createCollection: admin.system.version with provided UUID: 270df77b-149b-4c9e-b638-4cf05b36305a and options: { uuid: UUID("270df77b-149b-4c9e-b638-4cf05b36305a") }
2023-12-01T03:28:19.710+0000 I  INDEX    [initandlisten] index build: done building index _id_ on ns admin.system.version
2023-12-01T03:28:19.711+0000 I  SHARDING [initandlisten] Marking collection admin.system.version as collection version: <unsharded>
2023-12-01T03:28:19.711+0000 I  COMMAND  [initandlisten] setting featureCompatibilityVersion to 4.2
2023-12-01T03:28:19.711+0000 I  SHARDING [initandlisten] Marking collection local.system.replset as collection version: <unsharded>
2023-12-01T03:28:19.711+0000 I  STORAGE  [initandlisten] Flow Control is enabled on this deployment.
2023-12-01T03:28:19.712+0000 I  SHARDING [initandlisten] Marking collection admin.system.roles as collection version: <unsharded>
2023-12-01T03:28:19.712+0000 I  STORAGE  [initandlisten] createCollection: local.startup_log with generated UUID: 14a0d8fa-76f6-4698-bbde-22783528c88f and options: { capped: true, size: 10485760 }
2023-12-01T03:28:19.929+0000 I  INDEX    [initandlisten] index build: done building index _id_ on ns local.startup_log
2023-12-01T03:28:19.929+0000 I  SHARDING [initandlisten] Marking collection local.startup_log as collection version: <unsharded>
2023-12-01T03:28:19.929+0000 I  FTDC     [initandlisten] Initializing full-time diagnostic data capture with directory '/data/db/diagnostic.data'
2023-12-01T03:28:19.933+0000 I  SHARDING [LogicalSessionCacheRefresh] Marking collection config.system.sessions as collection version: <unsharded>
2023-12-01T03:28:19.934+0000 I  CONTROL  [LogicalSessionCacheReap] Sessions collection is not set up; waiting until next sessions reap interval: config.system.sessions does not exist
2023-12-01T03:28:19.934+0000 I  STORAGE  [LogicalSessionCacheRefresh] createCollection: config.system.sessions with provided UUID: af0ba456-a019-4ea1-89a9-44219d3116e6 and options: { uuid: UUID("af0ba456-a019-4ea1-89a9-44219d3116e6") }
2023-12-01T03:28:19.934+0000 I  NETWORK  [listener] Listening on /tmp/mongodb-27017.sock
2023-12-01T03:28:19.934+0000 I  NETWORK  [listener] Listening on 0.0.0.0
2023-12-01T03:28:19.934+0000 I  NETWORK  [listener] waiting for connections on port 27017
2023-12-01T03:28:20.000+0000 I  SHARDING [ftdc] Marking collection local.oplog.rs as collection version: <unsharded>
2023-12-01T03:28:20.172+0000 I  INDEX    [LogicalSessionCacheRefresh] index build: done building index _id_ on ns config.system.sessions
2023-12-01T03:28:20.383+0000 I  INDEX    [LogicalSessionCacheRefresh] index build: starting on config.system.sessions properties: { v: 2, key: { lastUse: 1 }, name: "lsidTTLIndex", ns: "config.system.sessions", expireAfterSeconds: 1800 } using method: Hybrid
2023-12-01T03:28:20.383+0000 I  INDEX    [LogicalSessionCacheRefresh] build may temporarily use up to 200 megabytes of RAM
2023-12-01T03:28:20.383+0000 I  INDEX    [LogicalSessionCacheRefresh] index build: collection scan done. scanned 0 total records in 0 seconds
2023-12-01T03:28:20.385+0000 I  INDEX    [LogicalSessionCacheRefresh] index build: inserted 0 keys from external sorter into index in 0 seconds
2023-12-01T03:28:20.406+0000 I  INDEX    [LogicalSessionCacheRefresh] index build: done building index lsidTTLIndex on ns config.system.sessions
2023-12-01T03:28:20.473+0000 I  COMMAND  [LogicalSessionCacheRefresh] command config.system.sessions command: createIndexes { createIndexes: "system.sessions", indexes: [ { key: { lastUse: 1 }, name: "lsidTTLIndex", expireAfterSeconds: 1800 } ], $db: "config" } numYields:0 reslen:114 locks:{ ParallelBatchWriterMode: { acquireCount: { r: 2 } }, ReplicationStateTransition: { acquireCount: { w: 3 } }, Global: { acquireCount: { r: 1, w: 2 } }, Database: { acquireCount: { r: 1, w: 2, W: 1 } }, Collection: { acquireCount: { r: 4, w: 1, R: 1, W: 2 } }, Mutex: { acquireCount: { r: 3 } } } flowControl:{ acquireCount: 1, timeAcquiringMicros: 1 } storage:{} protocol:op_msg 539ms
